<?xml version="1.0" encoding="UTF-8"?>
<testng-results skipped="0" failed="0" total="3" passed="3">
  <reporter-output>
  </reporter-output>
  <suite name="com.google.AppTest" duration-ms="65466" started-at="2013-06-09T12:55:37Z" finished-at="2013-06-09T12:56:42Z">
    <groups>
    </groups>
    <test name="Command line test" duration-ms="65466" started-at="2013-06-09T12:55:37Z" finished-at="2013-06-09T12:56:42Z">
      <class name="com.google.AppTest">
        <test-method status="PASS" signature="Test1()" name="Test1" duration-ms="17686" started-at="2013-06-09T12:55:37Z" description="This will open browser with google.com" finished-at="2013-06-09T12:55:54Z">
        </test-method>
        <test-method status="PASS" signature="Test1()" name="Test1" duration-ms="23321" started-at="2013-06-09T12:55:54Z" description="This will open browser with google.com" finished-at="2013-06-09T12:56:18Z">
        </test-method>
        <test-method status="PASS" signature="Test1()" name="Test1" duration-ms="24443" started-at="2013-06-09T12:56:18Z" description="This will open browser with google.com" finished-at="2013-06-09T12:56:42Z">
        </test-method>
      </class>
    </test>
  </suite>
</testng-results>
